<?xml version="1.0" encoding="UTF-8"?>
<!-- Generated by org.testng.reporters.JUnitReportReporter -->
<testsuite skipped="0" hostname="ip-10-10-10-18.ap-southeast-1.compute.internal" name="MyRunner.TestRunner" tests="1" failures="0" timestamp="08 Apr 2019 11:04:53 GMT" time="40.210" errors="0">
  <testcase name="feature" time="40.210" classname="MyRunner.TestRunner"/>
</testsuite> <!-- MyRunner.TestRunner -->
